# JRE version: Java(TM) SE Runtime Environment (8.0_131-b11) (build 1.8.0_131-b11)
# Java VM: Java HotSpot(TM) 64-Bit Server VM (25.131-b11 mixed mode linux-amd64 compressed oops)
Heap:
 PSYoungGen      total 132096K, used 5956K [0x00000000d8180000, 0x00000000e0c80000, 0x0000000100000000)
  eden space 121856K, 0% used [0x00000000d8180000,0x00000000d8180000,0x00000000df880000)
  from space 10240K, 58% used [0x00000000df880000,0x00000000dfe51178,0x00000000e0280000)
  to   space 9728K, 0% used [0x00000000e0300000,0x00000000e0300000,0x00000000e0c80000)
 ParOldGen       total 81920K, used 8438K [0x0000000088400000, 0x000000008d400000, 0x00000000d8180000)
  object space 81920K, 10% used [0x0000000088400000,0x0000000088c3daf8,0x000000008d400000)
 Metaspace       used 18012K, capacity 18524K, committed 18688K, reserved 1064960K
  class space    used 2100K, capacity 2200K, committed 2304K, reserved 1048576K
GC Heap History (10 events):
Event: 1.467 GC heap after
Heap after GC invocations=3 (full 0):
 PSYoungGen      total 35840K, used 5097K [0x00000000d8180000, 0x00000000dc780000, 0x0000000100000000)
  eden space 30720K, 0% used [0x00000000d8180000,0x00000000d8180000,0x00000000d9f80000)
  from space 5120K, 99% used [0x00000000d9f80000,0x00000000da47a548,0x00000000da480000)
  to   space 5120K, 0% used [0x00000000dc280000,0x00000000dc280000,0x00000000dc780000)
 ParOldGen       total 81920K, used 1493K [0x0000000088400000, 0x000000008d400000, 0x00000000d8180000)
  object space 81920K, 1% used [0x0000000088400000,0x0000000088575640,0x000000008d400000)
 Metaspace       used 13780K, capacity 13926K, committed 14208K, reserved 1060864K
  class space    used 1720K, capacity 1801K, committed 1920K, reserved 1048576K
}
Event: 1.990 GC heap before
{Heap before GC invocations=4 (full 0):
 PSYoungGen      total 35840K, used 35817K [0x00000000d8180000, 0x00000000dc780000, 0x0000000100000000)
  eden space 30720K, 100% used [0x00000000d8180000,0x00000000d9f80000,0x00000000d9f80000)
  from space 5120K, 99% used [0x00000000d9f80000,0x00000000da47a548,0x00000000da480000)
  to   space 5120K, 0% used [0x00000000dc280000,0x00000000dc280000,0x00000000dc780000)
 ParOldGen       total 81920K, used 1493K [0x0000000088400000, 0x000000008d400000, 0x00000000d8180000)
  object space 81920K, 1% used [0x0000000088400000,0x0000000088575640,0x000000008d400000)
 Metaspace       used 16185K, capacity 16466K, committed 16640K, reserved 1064960K
  class space    used 1958K, capacity 2040K, committed 2048K, reserved 1048576K
Event: 2.005 GC heap after
Heap after GC invocations=4 (full 0):
 PSYoungGen      total 66560K, used 5104K [0x00000000d8180000, 0x00000000dc780000, 0x0000000100000000)
  eden space 61440K, 0% used [0x00000000d8180000,0x00000000d8180000,0x00000000dbd80000)
  from space 5120K, 99% used [0x00000000dc280000,0x00000000dc77c030,0x00000000dc780000)
  to   space 5120K, 0% used [0x00000000dbd80000,0x00000000dbd80000,0x00000000dc280000)
 ParOldGen       total 81920K, used 3192K [0x0000000088400000, 0x000000008d400000, 0x00000000d8180000)
  object space 81920K, 3% used [0x0000000088400000,0x000000008871e0c8,0x000000008d400000)
 Metaspace       used 16185K, capacity 16466K, committed 16640K, reserved 1064960K
  class space    used 1958K, capacity 2040K, committed 2048K, reserved 1048576K
}
Event: 2.585 GC heap before
{Heap before GC invocations=5 (full 0):
 PSYoungGen      total 66560K, used 66544K [0x00000000d8180000, 0x00000000dc780000, 0x0000000100000000)
  eden space 61440K, 100% used [0x00000000d8180000,0x00000000dbd80000,0x00000000dbd80000)
  from space 5120K, 99% used [0x00000000dc280000,0x00000000dc77c030,0x00000000dc780000)
  to   space 5120K, 0% used [0x00000000dbd80000,0x00000000dbd80000,0x00000000dc280000)
 ParOldGen       total 81920K, used 3192K [0x0000000088400000, 0x000000008d400000, 0x00000000d8180000)
  object space 81920K, 3% used [0x0000000088400000,0x000000008871e0c8,0x000000008d400000)
 Metaspace       used 16590K, capacity 16834K, committed 17152K, reserved 1064960K
  class space    used 1966K, capacity 2048K, committed 2048K, reserved 1048576K
Event: 2.601 GC heap after
Heap after GC invocations=5 (full 0):
 PSYoungGen      total 66560K, used 5104K [0x00000000d8180000, 0x00000000e0b80000, 0x0000000100000000)
  eden space 61440K, 0% used [0x00000000d8180000,0x00000000d8180000,0x00000000dbd80000)
  from space 5120K, 99% used [0x00000000dbd80000,0x00000000dc27c030,0x00000000dc280000)
  to   space 9216K, 0% used [0x00000000e0280000,0x00000000e0280000,0x00000000e0b80000)
 ParOldGen       total 81920K, used 6512K [0x0000000088400000, 0x000000008d400000, 0x00000000d8180000)
  object space 81920K, 7% used [0x0000000088400000,0x0000000088a5c0e8,0x000000008d400000)
 Metaspace       used 16590K, capacity 16834K, committed 17152K, reserved 1064960K
  class space    used 1966K, capacity 2048K, committed 2048K, reserved 1048576K
}
Event: 3.131 GC heap before
{Heap before GC invocations=6 (full 0):
 PSYoungGen      total 66560K, used 66544K [0x00000000d8180000, 0x00000000e0b80000, 0x0000000100000000)
  eden space 61440K, 100% used [0x00000000d8180000,0x00000000dbd80000,0x00000000dbd80000)
  from space 5120K, 99% used [0x00000000dbd80000,0x00000000dc27c030,0x00000000dc280000)
  to   space 9216K, 0% used [0x00000000e0280000,0x00000000e0280000,0x00000000e0b80000)
 ParOldGen       total 81920K, used 6512K [0x0000000088400000, 0x000000008d400000, 0x00000000d8180000)
  object space 81920K, 7% used [0x0000000088400000,0x0000000088a5c0e8,0x000000008d400000)
 Metaspace       used 17707K, capacity 18122K, committed 18432K, reserved 1064960K
  class space    used 2077K, capacity 2198K, committed 2304K, reserved 1048576K
Event: 3.150 GC heap after
Heap after GC invocations=6 (full 0):
 PSYoungGen      total 131072K, used 8490K [0x00000000d8180000, 0x00000000e0d80000, 0x0000000100000000)
  eden space 121856K, 0% used [0x00000000d8180000,0x00000000d8180000,0x00000000df880000)
  from space 9216K, 92% used [0x00000000e0280000,0x00000000e0acab90,0x00000000e0b80000)
  to   space 10240K, 0% used [0x00000000df880000,0x00000000df880000,0x00000000e0280000)
 ParOldGen       total 81920K, used 6520K [0x0000000088400000, 0x000000008d400000, 0x00000000d8180000)
  object space 81920K, 7% used [0x0000000088400000,0x0000000088a5e0e8,0x000000008d400000)
 Metaspace       used 17707K, capacity 18122K, committed 18432K, reserved 1064960K
  class space    used 2077K, capacity 2198K, committed 2304K, reserved 1048576K
}
Event: 3.208 GC heap before
{Heap before GC invocations=7 (full 0):
 PSYoungGen      total 131072K, used 13325K [0x00000000d8180000, 0x00000000e0d80000, 0x0000000100000000)
  eden space 121856K, 3% used [0x00000000d8180000,0x00000000d8638910,0x00000000df880000)
  from space 9216K, 92% used [0x00000000e0280000,0x00000000e0acab90,0x00000000e0b80000)
  to   space 10240K, 0% used [0x00000000df880000,0x00000000df880000,0x00000000e0280000)
 ParOldGen       total 81920K, used 6520K [0x0000000088400000, 0x000000008d400000, 0x00000000d8180000)
  object space 81920K, 7% used [0x0000000088400000,0x0000000088a5e0e8,0x000000008d400000)
 Metaspace       used 18012K, capacity 18524K, committed 18688K, reserved 1064960K
  class space    used 2100K, capacity 2200K, committed 2304K, reserved 1048576K
Event: 3.222 GC heap after
Heap after GC invocations=7 (full 0):
 PSYoungGen      total 132096K, used 5956K [0x00000000d8180000, 0x00000000e0c80000, 0x0000000100000000)
  eden space 121856K, 0% used [0x00000000d8180000,0x00000000d8180000,0x00000000df880000)
  from space 10240K, 58% used [0x00000000df880000,0x00000000dfe51178,0x00000000e0280000)
  to   space 9728K, 0% used [0x00000000e0300000,0x00000000e0300000,0x00000000e0c80000)
 ParOldGen       total 81920K, used 8438K [0x0000000088400000, 0x000000008d400000, 0x00000000d8180000)
  object space 81920K, 10% used [0x0000000088400000,0x0000000088c3daf8,0x000000008d400000)
 Metaspace       used 18012K, capacity 18524K, committed 18688K, reserved 1064960K
  class space    used 2100K, capacity 2200K, committed 2304K, reserved 1048576K
}
Event: 3.222 GC heap before
{Heap before GC invocations=8 (full 1):
 PSYoungGen      total 132096K, used 5956K [0x00000000d8180000, 0x00000000e0c80000, 0x0000000100000000)
  eden space 121856K, 0% used [0x00000000d8180000,0x00000000d8180000,0x00000000df880000)
  from space 10240K, 58% used [0x00000000df880000,0x00000000dfe51178,0x00000000e0280000)
  to   space 9728K, 0% used [0x00000000e0300000,0x00000000e0300000,0x00000000e0c80000)
 ParOldGen       total 81920K, used 8438K [0x0000000088400000, 0x000000008d400000, 0x00000000d8180000)
  object space 81920K, 10% used [0x0000000088400000,0x0000000088c3daf8,0x000000008d400000)
 Metaspace       used 18012K, capacity 18524K, committed 18688K, reserved 1064960K
  class space    used 2100K, capacity 2200K, committed 2304K, reserved 1048576K

