# JRE version: Java(TM) SE Runtime Environment (8.0_131-b11) (build 1.8.0_131-b11)
# Java VM: Java HotSpot(TM) 64-Bit Server VM (25.131-b11 mixed mode linux-amd64 compressed oops)
Heap:
 PSYoungGen      total 128000K, used 15241K [0x00000000d8180000, 0x00000000e0380000, 0x0000000100000000)
  eden space 122880K, 8% used [0x00000000d8180000,0x00000000d8b665b8,0x00000000df980000)
  from space 5120K, 99% used [0x00000000dfe80000,0x00000000e037c010,0x00000000e0380000)
  to   space 5120K, 0% used [0x00000000df980000,0x00000000df980000,0x00000000dfe80000)
 ParOldGen       total 81920K, used 8226K [0x0000000088400000, 0x000000008d400000, 0x00000000d8180000)
  object space 81920K, 10% used [0x0000000088400000,0x0000000088c08a28,0x000000008d400000)
 Metaspace       used 16621K, capacity 16872K, committed 17280K, reserved 1064960K
  class space    used 1968K, capacity 2081K, committed 2176K, reserved 1048576K
GC Heap History (8 events):
Event: 0.519 GC heap before
{Heap before GC invocations=1 (full 0):
 PSYoungGen      total 35840K, used 30720K [0x00000000d8180000, 0x00000000da980000, 0x0000000100000000)
  eden space 30720K, 100% used [0x00000000d8180000,0x00000000d9f80000,0x00000000d9f80000)
  from space 5120K, 0% used [0x00000000da480000,0x00000000da480000,0x00000000da980000)
  to   space 5120K, 0% used [0x00000000d9f80000,0x00000000d9f80000,0x00000000da480000)
 ParOldGen       total 81920K, used 0K [0x0000000088400000, 0x000000008d400000, 0x00000000d8180000)
  object space 81920K, 0% used [0x0000000088400000,0x0000000088400000,0x000000008d400000)
 Metaspace       used 7760K, capacity 7932K, committed 8064K, reserved 1056768K
  class space    used 973K, capacity 1048K, committed 1152K, reserved 1048576K
Event: 0.525 GC heap after
Heap after GC invocations=1 (full 0):
 PSYoungGen      total 35840K, used 4625K [0x00000000d8180000, 0x00000000dc780000, 0x0000000100000000)
  eden space 30720K, 0% used [0x00000000d8180000,0x00000000d8180000,0x00000000d9f80000)
  from space 5120K, 90% used [0x00000000d9f80000,0x00000000da404690,0x00000000da480000)
  to   space 5120K, 0% used [0x00000000dc280000,0x00000000dc280000,0x00000000dc780000)
 ParOldGen       total 81920K, used 8K [0x0000000088400000, 0x000000008d400000, 0x00000000d8180000)
  object space 81920K, 0% used [0x0000000088400000,0x0000000088402000,0x000000008d400000)
 Metaspace       used 7760K, capacity 7932K, committed 8064K, reserved 1056768K
  class space    used 973K, capacity 1048K, committed 1152K, reserved 1048576K
}
Event: 0.903 GC heap before
{Heap before GC invocations=2 (full 0):
 PSYoungGen      total 35840K, used 35345K [0x00000000d8180000, 0x00000000dc780000, 0x0000000100000000)
  eden space 30720K, 100% used [0x00000000d8180000,0x00000000d9f80000,0x00000000d9f80000)
  from space 5120K, 90% used [0x00000000d9f80000,0x00000000da404690,0x00000000da480000)
  to   space 5120K, 0% used [0x00000000dc280000,0x00000000dc280000,0x00000000dc780000)
 ParOldGen       total 81920K, used 8K [0x0000000088400000, 0x000000008d400000, 0x00000000d8180000)
  object space 81920K, 0% used [0x0000000088400000,0x0000000088402000,0x000000008d400000)
 Metaspace       used 11320K, capacity 11496K, committed 11776K, reserved 1058816K
  class space    used 1426K, capacity 1508K, committed 1536K, reserved 1048576K
Event: 0.910 GC heap after
Heap after GC invocations=2 (full 0):
 PSYoungGen      total 66560K, used 5105K [0x00000000d8180000, 0x00000000dc780000, 0x0000000100000000)
  eden space 61440K, 0% used [0x00000000d8180000,0x00000000d8180000,0x00000000dbd80000)
  from space 5120K, 99% used [0x00000000dc280000,0x00000000dc77c460,0x00000000dc780000)
  to   space 5120K, 0% used [0x00000000dbd80000,0x00000000dbd80000,0x00000000dc280000)
 ParOldGen       total 81920K, used 1523K [0x0000000088400000, 0x000000008d400000, 0x00000000d8180000)
  object space 81920K, 1% used [0x0000000088400000,0x000000008857cf68,0x000000008d400000)
 Metaspace       used 11320K, capacity 11496K, committed 11776K, reserved 1058816K
  class space    used 1426K, capacity 1508K, committed 1536K, reserved 1048576K
}
Event: 1.994 GC heap before
{Heap before GC invocations=3 (full 0):
 PSYoungGen      total 66560K, used 66545K [0x00000000d8180000, 0x00000000dc780000, 0x0000000100000000)
  eden space 61440K, 100% used [0x00000000d8180000,0x00000000dbd80000,0x00000000dbd80000)
  from space 5120K, 99% used [0x00000000dc280000,0x00000000dc77c460,0x00000000dc780000)
  to   space 5120K, 0% used [0x00000000dbd80000,0x00000000dbd80000,0x00000000dc280000)
 ParOldGen       total 81920K, used 1523K [0x0000000088400000, 0x000000008d400000, 0x00000000d8180000)
  object space 81920K, 1% used [0x0000000088400000,0x000000008857cf68,0x000000008d400000)
 Metaspace       used 16166K, capacity 16396K, committed 16640K, reserved 1064960K
  class space    used 1958K, capacity 2039K, committed 2048K, reserved 1048576K
Event: 2.012 GC heap after
Heap after GC invocations=3 (full 0):
 PSYoungGen      total 66560K, used 5104K [0x00000000d8180000, 0x00000000e0380000, 0x0000000100000000)
  eden space 61440K, 0% used [0x00000000d8180000,0x00000000d8180000,0x00000000dbd80000)
  from space 5120K, 99% used [0x00000000dbd80000,0x00000000dc27c010,0x00000000dc280000)
  to   space 5120K, 0% used [0x00000000dfe80000,0x00000000dfe80000,0x00000000e0380000)
 ParOldGen       total 81920K, used 4890K [0x0000000088400000, 0x000000008d400000, 0x00000000d8180000)
  object space 81920K, 5% used [0x0000000088400000,0x00000000888c6a28,0x000000008d400000)
 Metaspace       used 16166K, capacity 16396K, committed 16640K, reserved 1064960K
  class space    used 1958K, capacity 2039K, committed 2048K, reserved 1048576K
}
Event: 2.658 GC heap before
{Heap before GC invocations=4 (full 0):
 PSYoungGen      total 66560K, used 66544K [0x00000000d8180000, 0x00000000e0380000, 0x0000000100000000)
  eden space 61440K, 100% used [0x00000000d8180000,0x00000000dbd80000,0x00000000dbd80000)
  from space 5120K, 99% used [0x00000000dbd80000,0x00000000dc27c010,0x00000000dc280000)
  to   space 5120K, 0% used [0x00000000dfe80000,0x00000000dfe80000,0x00000000e0380000)
 ParOldGen       total 81920K, used 4890K [0x0000000088400000, 0x000000008d400000, 0x00000000d8180000)
  object space 81920K, 5% used [0x0000000088400000,0x00000000888c6a28,0x000000008d400000)
 Metaspace       used 16587K, capacity 16866K, committed 17280K, reserved 1064960K
  class space    used 1967K, capacity 2080K, committed 2176K, reserved 1048576K
Event: 2.672 GC heap after
Heap after GC invocations=4 (full 0):
 PSYoungGen      total 128000K, used 5104K [0x00000000d8180000, 0x00000000e0380000, 0x0000000100000000)
  eden space 122880K, 0% used [0x00000000d8180000,0x00000000d8180000,0x00000000df980000)
  from space 5120K, 99% used [0x00000000dfe80000,0x00000000e037c010,0x00000000e0380000)
  to   space 5120K, 0% used [0x00000000df980000,0x00000000df980000,0x00000000dfe80000)
 ParOldGen       total 81920K, used 8226K [0x0000000088400000, 0x000000008d400000, 0x00000000d8180000)
  object space 81920K, 10% used [0x0000000088400000,0x0000000088c08a28,0x000000008d400000)
 Metaspace       used 16587K, capacity 16866K, committed 17280K, reserved 1064960K
  class space    used 1967K, capacity 2080K, committed 2176K, reserved 1048576K
}

